2017-12-28 14:52:55 INFO  JavaRushTasksProjectComponent.projectOpened(68) - ---------- Project JavaRushTasks opened ----------

2017-12-28 14:52:55 INFO  ApacheHttpClient.createAsyncHttpClient(125) - Выбрано 1 прокси.
2017-12-28 14:52:55 INFO  ApacheHttpClient.<init>(85) - ApacheHttpClient проинстанциирован успешно.
2017-12-28 14:52:56 INFO  ApacheHttpClient.testConnection(178) - responseCode = 200
2017-12-28 14:52:56 INFO  ApacheHttpClient.testConnection(185) - result = true
2017-12-28 14:52:56 INFO  ApacheHttpClient.login(209) - Ожидание ответа сервера.
2017-12-28 14:52:56 INFO  ApacheHttpClient.login(213) - responseCode200
2017-12-28 14:52:56 INFO  ApacheHttpClient.login(244) - JSESSIONID=99F137E0C57DBC8735D9C1BF26D756E7
2017-12-28 14:52:56 INFO  ApacheHttpClient.refreshUserInfo(272) - responseCode = 200
2017-12-28 14:52:56 INFO  ApacheHttpClient.refreshUserInfo(278) - Информация о пользователе получена.
2017-12-28 14:52:56 INFO  ApacheHttpClient.startGA(32) - GAService запущен.
2017-12-28 14:52:56 INFO  AbstractRestApiClient.startService(70) - EventsService запущен.
2017-12-28 14:53:01 INFO  ApacheHttpClient.testConnection(178) - responseCode = 200
2017-12-28 14:53:01 INFO  ApacheHttpClient.testConnection(185) - result = true
2017-12-28 14:53:01 INFO  ApacheHttpClient.testConnection(178) - responseCode = 200
2017-12-28 14:53:01 INFO  ApacheHttpClient.testConnection(185) - result = true
2017-12-28 14:53:08 INFO  ApacheHttpClient.getWebResourceAsStream(420) - responseCode = 200
2017-12-28 14:53:16 INFO  ApacheHttpClient.testConnection(178) - responseCode = 200
2017-12-28 14:53:16 INFO  ApacheHttpClient.testConnection(185) - result = true
2017-12-28 14:53:18 INFO  ApacheHttpClient.testConnection(178) - responseCode = 200
2017-12-28 14:53:18 INFO  ApacheHttpClient.testConnection(185) - result = true
2017-12-28 14:53:57 INFO  ApacheHttpClient.sendEvent(450) - responseCode = 200
2017-12-28 14:53:57 INFO  ApacheHttpClient.sendEvent(450) - responseCode = 200
2017-12-28 14:54:57 INFO  ApacheHttpClient.sendEvent(450) - responseCode = 200
2017-12-28 14:54:57 INFO  ApacheHttpClient.sendEvent(450) - responseCode = 200
2017-12-28 14:55:57 INFO  ApacheHttpClient.sendEvent(450) - responseCode = 200
2017-12-28 14:55:57 INFO  ApacheHttpClient.sendEvent(450) - responseCode = 200
2017-12-28 14:56:57 INFO  ApacheHttpClient.sendEvent(450) - responseCode = 200
2017-12-28 14:56:57 INFO  ApacheHttpClient.sendEvent(450) - responseCode = 200
2017-12-28 14:57:26 INFO  ApacheHttpClient.getWebResourceAsStream(420) - responseCode = 200
2017-12-28 14:57:27 INFO  ApacheHttpClient.getTask(405) - responseCode = 200
2017-12-28 14:57:27 INFO  ApacheHttpClient.getWebResourceAsStream(420) - responseCode = 200
2017-12-28 14:57:28 INFO  ApacheHttpClient.completed(27) - responseCode = 200
2017-12-28 14:57:29 INFO  ApacheHttpClient.getTask(405) - responseCode = 200
2017-12-28 14:57:57 INFO  ApacheHttpClient.sendEvent(450) - responseCode = 200
2017-12-28 14:58:57 INFO  ApacheHttpClient.sendEvent(450) - responseCode = 200
2017-12-28 14:59:57 INFO  ApacheHttpClient.sendEvent(450) - responseCode = 200
2017-12-28 15:00:57 INFO  ApacheHttpClient.sendEvent(450) - responseCode = 200
2017-12-28 15:01:57 INFO  ApacheHttpClient.sendEvent(450) - responseCode = 200
2017-12-28 15:03:02 INFO  ApacheHttpClient.sendEvent(450) - responseCode = 200
2017-12-28 15:03:57 INFO  ApacheHttpClient.sendEvent(450) - responseCode = 200
2017-12-28 15:04:57 INFO  ApacheHttpClient.sendEvent(450) - responseCode = 200
2017-12-28 15:05:57 INFO  ApacheHttpClient.sendEvent(450) - responseCode = 200
2017-12-28 15:06:57 INFO  ApacheHttpClient.sendEvent(450) - responseCode = 200
2017-12-28 15:07:57 INFO  ApacheHttpClient.sendEvent(450) - responseCode = 200
2017-12-28 15:09:02 INFO  ApacheHttpClient.sendEvent(450) - responseCode = 200
2017-12-28 15:09:57 INFO  ApacheHttpClient.sendEvent(450) - responseCode = 200
2017-12-28 15:10:57 INFO  ApacheHttpClient.sendEvent(450) - responseCode = 200
2017-12-28 15:11:57 INFO  ApacheHttpClient.sendEvent(450) - responseCode = 200
2017-12-28 15:12:57 INFO  ApacheHttpClient.sendEvent(450) - responseCode = 200
2017-12-28 15:13:57 INFO  ApacheHttpClient.sendEvent(450) - responseCode = 200
2017-12-28 15:14:57 INFO  ApacheHttpClient.sendEvent(450) - responseCode = 200
2017-12-28 15:15:57 INFO  ApacheHttpClient.sendEvent(450) - responseCode = 200
2017-12-28 15:16:57 INFO  ApacheHttpClient.sendEvent(450) - responseCode = 200
2017-12-28 15:17:57 INFO  ApacheHttpClient.sendEvent(450) - responseCode = 200
2017-12-28 15:18:57 INFO  ApacheHttpClient.sendEvent(450) - responseCode = 200
2017-12-28 15:19:17 INFO  ApacheHttpClient.getWebResourceAsStream(420) - responseCode = 200
2017-12-28 15:19:17 INFO  ApacheHttpClient.getFilteredTasks(307) - responseCode = 200
2017-12-28 15:19:19 INFO  ApacheHttpClient.getTaskTemplateInfo(324) - responseCode = 200
2017-12-28 15:19:19 INFO  ApacheHttpClient.testConnection(178) - responseCode = 200
2017-12-28 15:19:19 INFO  ApacheHttpClient.testConnection(185) - result = true
2017-12-28 15:19:20 INFO  ApacheHttpClient.testConnection(178) - responseCode = 200
2017-12-28 15:19:20 INFO  ApacheHttpClient.testConnection(185) - result = true
2017-12-28 15:19:20 INFO  ApacheHttpClient.getWebResourceAsStream(420) - responseCode = 200
2017-12-28 15:19:57 INFO  ApacheHttpClient.sendEvent(450) - responseCode = 200
2017-12-28 15:20:57 INFO  ApacheHttpClient.sendEvent(450) - responseCode = 200
2017-12-28 15:21:57 INFO  ApacheHttpClient.sendEvent(450) - responseCode = 200
2017-12-28 15:22:57 INFO  ApacheHttpClient.sendEvent(450) - responseCode = 200
2017-12-28 15:23:57 INFO  ApacheHttpClient.sendEvent(450) - responseCode = 200
2017-12-28 15:24:57 INFO  ApacheHttpClient.sendEvent(450) - responseCode = 200
2017-12-28 15:25:57 INFO  ApacheHttpClient.sendEvent(450) - responseCode = 200
2017-12-28 15:26:57 INFO  ApacheHttpClient.sendEvent(450) - responseCode = 200
2017-12-28 15:27:57 INFO  ApacheHttpClient.sendEvent(450) - responseCode = 200
2017-12-28 15:28:57 INFO  ApacheHttpClient.sendEvent(450) - responseCode = 200
2017-12-28 15:29:57 INFO  ApacheHttpClient.sendEvent(450) - responseCode = 200
2017-12-28 15:30:57 INFO  ApacheHttpClient.sendEvent(450) - responseCode = 200
2017-12-28 15:31:57 INFO  ApacheHttpClient.sendEvent(450) - responseCode = 200
2017-12-28 15:32:57 INFO  ApacheHttpClient.sendEvent(450) - responseCode = 200
2017-12-28 15:33:57 INFO  ApacheHttpClient.sendEvent(450) - responseCode = 200
2017-12-28 15:34:57 INFO  ApacheHttpClient.sendEvent(450) - responseCode = 200
2017-12-28 15:35:57 INFO  ApacheHttpClient.sendEvent(450) - responseCode = 200
2017-12-28 15:36:57 INFO  ApacheHttpClient.sendEvent(450) - responseCode = 200
2017-12-28 15:37:57 INFO  ApacheHttpClient.sendEvent(450) - responseCode = 200
2017-12-28 15:38:57 INFO  ApacheHttpClient.sendEvent(450) - responseCode = 200
2017-12-28 15:39:57 INFO  ApacheHttpClient.sendEvent(450) - responseCode = 200
2017-12-28 15:40:57 INFO  ApacheHttpClient.sendEvent(450) - responseCode = 200
2017-12-28 15:41:14 INFO  ApacheHttpClient.getWebResourceAsStream(420) - responseCode = 200
2017-12-28 15:41:14 INFO  ApacheHttpClient.getTask(405) - responseCode = 200
2017-12-28 15:41:15 INFO  ApacheHttpClient.getWebResourceAsStream(420) - responseCode = 200
2017-12-28 15:41:16 INFO  ApacheHttpClient.completed(27) - responseCode = 200
2017-12-28 15:41:57 INFO  ApacheHttpClient.sendEvent(450) - responseCode = 200
2017-12-28 15:42:57 INFO  ApacheHttpClient.sendEvent(450) - responseCode = 200
2017-12-28 15:43:57 INFO  ApacheHttpClient.sendEvent(450) - responseCode = 200
2017-12-28 15:44:57 INFO  ApacheHttpClient.sendEvent(450) - responseCode = 200
2017-12-28 15:45:57 INFO  ApacheHttpClient.sendEvent(450) - responseCode = 200
2017-12-28 15:46:57 INFO  ApacheHttpClient.sendEvent(450) - responseCode = 200
2017-12-28 15:47:57 INFO  ApacheHttpClient.sendEvent(450) - responseCode = 200
2017-12-28 15:48:57 INFO  ApacheHttpClient.sendEvent(450) - responseCode = 200
2017-12-28 15:49:57 INFO  ApacheHttpClient.sendEvent(450) - responseCode = 200
2017-12-28 15:50:57 INFO  ApacheHttpClient.sendEvent(450) - responseCode = 200
2017-12-28 15:51:57 INFO  ApacheHttpClient.sendEvent(450) - responseCode = 200
2017-12-28 15:52:57 INFO  ApacheHttpClient.sendEvent(450) - responseCode = 200
2017-12-28 15:53:57 INFO  ApacheHttpClient.sendEvent(450) - responseCode = 200
2017-12-28 15:54:57 INFO  ApacheHttpClient.sendEvent(450) - responseCode = 200
2017-12-28 15:55:57 INFO  ApacheHttpClient.sendEvent(450) - responseCode = 200
2017-12-28 15:56:57 INFO  ApacheHttpClient.sendEvent(450) - responseCode = 200
2017-12-28 15:57:48 INFO  ApacheHttpClient.getWebResourceAsStream(420) - responseCode = 200
2017-12-28 15:57:49 INFO  ApacheHttpClient.getTask(405) - responseCode = 200
2017-12-28 15:57:51 INFO  ApacheHttpClient.completed(27) - responseCode = 200
2017-12-28 15:57:51 INFO  ApacheHttpClient.getWebResourceAsStream(420) - responseCode = 200
2017-12-28 15:57:52 INFO  ApacheHttpClient.getTask(405) - responseCode = 200
2017-12-28 15:57:57 INFO  ApacheHttpClient.sendEvent(450) - responseCode = 200
2017-12-28 15:58:57 INFO  ApacheHttpClient.sendEvent(450) - responseCode = 200
2017-12-28 15:59:57 INFO  ApacheHttpClient.sendEvent(450) - responseCode = 200
2017-12-28 16:00:57 INFO  ApacheHttpClient.sendEvent(450) - responseCode = 200
2017-12-28 16:01:57 INFO  ApacheHttpClient.sendEvent(450) - responseCode = 200
2017-12-28 16:02:57 INFO  ApacheHttpClient.sendEvent(450) - responseCode = 200
2017-12-28 16:03:57 INFO  ApacheHttpClient.sendEvent(450) - responseCode = 200
2017-12-28 16:04:26 INFO  ApacheHttpClient.getWebResourceAsStream(420) - responseCode = 200
2017-12-28 16:04:26 INFO  ApacheHttpClient.getFilteredTasks(307) - responseCode = 200
2017-12-28 16:04:27 INFO  ApacheHttpClient.getTaskTemplateInfo(324) - responseCode = 200
2017-12-28 16:04:27 INFO  ApacheHttpClient.testConnection(178) - responseCode = 200
2017-12-28 16:04:27 INFO  ApacheHttpClient.testConnection(185) - result = true
2017-12-28 16:04:27 INFO  ApacheHttpClient.testConnection(178) - responseCode = 200
2017-12-28 16:04:27 INFO  ApacheHttpClient.testConnection(185) - result = true
2017-12-28 16:04:27 INFO  ApacheHttpClient.getWebResourceAsStream(420) - responseCode = 200
2017-12-28 16:04:57 INFO  ApacheHttpClient.sendEvent(450) - responseCode = 200
2017-12-28 16:05:57 INFO  ApacheHttpClient.sendEvent(450) - responseCode = 200
2017-12-28 16:06:59 INFO  ApacheHttpClient.sendEvent(450) - responseCode = 200
2017-12-28 16:07:57 INFO  ApacheHttpClient.sendEvent(450) - responseCode = 200
2017-12-28 16:08:57 INFO  ApacheHttpClient.sendEvent(450) - responseCode = 200
2017-12-28 16:09:57 INFO  ApacheHttpClient.sendEvent(450) - responseCode = 200
2017-12-28 16:10:57 INFO  ApacheHttpClient.sendEvent(450) - responseCode = 200
2017-12-28 16:11:57 INFO  ApacheHttpClient.sendEvent(450) - responseCode = 200
2017-12-28 16:12:57 INFO  ApacheHttpClient.sendEvent(450) - responseCode = 200
2017-12-28 16:13:57 INFO  ApacheHttpClient.sendEvent(450) - responseCode = 200
2017-12-28 16:14:57 INFO  ApacheHttpClient.sendEvent(450) - responseCode = 200
2017-12-28 16:15:57 INFO  ApacheHttpClient.sendEvent(450) - responseCode = 200
2017-12-28 16:16:57 INFO  ApacheHttpClient.sendEvent(450) - responseCode = 200
2017-12-28 16:17:57 INFO  ApacheHttpClient.sendEvent(450) - responseCode = 200
2017-12-28 16:18:57 INFO  ApacheHttpClient.sendEvent(450) - responseCode = 200
2017-12-28 16:19:57 INFO  ApacheHttpClient.sendEvent(450) - responseCode = 200
2017-12-28 16:20:57 INFO  ApacheHttpClient.sendEvent(450) - responseCode = 200
2017-12-28 16:21:57 INFO  ApacheHttpClient.sendEvent(450) - responseCode = 200
2017-12-28 16:22:57 INFO  ApacheHttpClient.sendEvent(450) - responseCode = 200
2017-12-28 16:23:57 INFO  ApacheHttpClient.sendEvent(450) - responseCode = 200
2017-12-28 16:24:10 INFO  ApacheHttpClient.getWebResourceAsStream(420) - responseCode = 200
2017-12-28 16:24:11 INFO  ApacheHttpClient.getTask(405) - responseCode = 200
2017-12-28 16:24:12 INFO  ApacheHttpClient.completed(27) - responseCode = 200
2017-12-28 16:24:12 INFO  ApacheHttpClient.getWebResourceAsStream(420) - responseCode = 200
2017-12-28 16:24:57 INFO  ApacheHttpClient.sendEvent(450) - responseCode = 200
2017-12-28 16:25:57 INFO  ApacheHttpClient.sendEvent(450) - responseCode = 200
2017-12-28 16:26:57 INFO  ApacheHttpClient.sendEvent(450) - responseCode = 200
2017-12-28 16:27:36 INFO  ApacheHttpClient.getWebResourceAsStream(420) - responseCode = 200
2017-12-28 16:27:36 INFO  ApacheHttpClient.getTask(405) - responseCode = 200
2017-12-28 16:27:37 INFO  ApacheHttpClient.getWebResourceAsStream(420) - responseCode = 200
2017-12-28 16:27:37 INFO  ApacheHttpClient.completed(27) - responseCode = 200
2017-12-28 16:27:56 INFO  ApacheHttpClient.sendEvent(450) - responseCode = 200
2017-12-28 16:28:09 INFO  ApacheHttpClient.getWebResourceAsStream(420) - responseCode = 200
2017-12-28 16:28:10 INFO  ApacheHttpClient.getTask(405) - responseCode = 200
2017-12-28 16:28:10 INFO  ApacheHttpClient.getWebResourceAsStream(420) - responseCode = 200
2017-12-28 16:28:11 INFO  ApacheHttpClient.completed(27) - responseCode = 200
2017-12-28 16:28:11 INFO  ApacheHttpClient.getTask(405) - responseCode = 200
2017-12-28 16:28:25 INFO  ApacheHttpClient.getWebResourceAsStream(420) - responseCode = 200
2017-12-28 16:28:25 INFO  ApacheHttpClient.getFilteredTasks(307) - responseCode = 200
2017-12-28 16:28:27 INFO  ApacheHttpClient.getTaskTemplateInfo(324) - responseCode = 200
2017-12-28 16:28:27 INFO  ApacheHttpClient.testConnection(178) - responseCode = 200
2017-12-28 16:28:27 INFO  ApacheHttpClient.testConnection(185) - result = true
2017-12-28 16:28:27 INFO  ApacheHttpClient.testConnection(178) - responseCode = 200
2017-12-28 16:28:27 INFO  ApacheHttpClient.testConnection(185) - result = true
2017-12-28 16:28:27 INFO  ApacheHttpClient.getWebResourceAsStream(420) - responseCode = 200
2017-12-28 16:28:57 INFO  ApacheHttpClient.sendEvent(450) - responseCode = 200
2017-12-28 16:29:57 INFO  ApacheHttpClient.sendEvent(450) - responseCode = 200
2017-12-28 16:30:57 INFO  ApacheHttpClient.sendEvent(450) - responseCode = 200
2017-12-28 16:31:57 INFO  ApacheHttpClient.sendEvent(450) - responseCode = 200
2017-12-28 16:32:57 INFO  ApacheHttpClient.sendEvent(450) - responseCode = 200
2017-12-28 16:33:57 INFO  ApacheHttpClient.sendEvent(450) - responseCode = 200
2017-12-28 16:34:57 INFO  ApacheHttpClient.sendEvent(450) - responseCode = 200
2017-12-28 16:35:57 INFO  ApacheHttpClient.sendEvent(450) - responseCode = 200
2017-12-28 16:36:57 INFO  ApacheHttpClient.sendEvent(450) - responseCode = 200
2017-12-28 16:37:57 INFO  ApacheHttpClient.sendEvent(450) - responseCode = 200
2017-12-28 16:38:57 INFO  ApacheHttpClient.sendEvent(450) - responseCode = 200
2017-12-28 16:39:57 INFO  ApacheHttpClient.sendEvent(450) - responseCode = 200
2017-12-28 16:40:57 INFO  ApacheHttpClient.sendEvent(450) - responseCode = 200
2017-12-28 16:41:57 INFO  ApacheHttpClient.sendEvent(450) - responseCode = 200
2017-12-28 16:42:23 INFO  ApacheHttpClient.getWebResourceAsStream(420) - responseCode = 200
2017-12-28 16:42:23 INFO  ApacheHttpClient.getTask(405) - responseCode = 200
2017-12-28 16:42:24 INFO  ApacheHttpClient.getWebResourceAsStream(420) - responseCode = 200
2017-12-28 16:42:25 INFO  ApacheHttpClient.completed(27) - responseCode = 200
2017-12-28 16:42:57 INFO  ApacheHttpClient.sendEvent(450) - responseCode = 200
2017-12-28 16:43:57 INFO  ApacheHttpClient.sendEvent(450) - responseCode = 200
2017-12-28 16:44:57 INFO  ApacheHttpClient.sendEvent(450) - responseCode = 200
2017-12-28 16:45:57 INFO  ApacheHttpClient.sendEvent(450) - responseCode = 200
2017-12-28 16:46:57 INFO  ApacheHttpClient.sendEvent(450) - responseCode = 200
2017-12-28 16:47:57 INFO  ApacheHttpClient.sendEvent(450) - responseCode = 200
2017-12-28 16:48:57 INFO  ApacheHttpClient.sendEvent(450) - responseCode = 200
2017-12-28 16:49:57 INFO  ApacheHttpClient.sendEvent(450) - responseCode = 200
2017-12-28 16:50:57 INFO  ApacheHttpClient.sendEvent(450) - responseCode = 200
2017-12-28 16:51:57 INFO  ApacheHttpClient.sendEvent(450) - responseCode = 200
2017-12-28 16:52:57 INFO  ApacheHttpClient.sendEvent(450) - responseCode = 200
2017-12-28 16:53:57 INFO  ApacheHttpClient.sendEvent(450) - responseCode = 200
2017-12-28 16:54:57 INFO  ApacheHttpClient.sendEvent(450) - responseCode = 200
2017-12-28 16:55:57 INFO  ApacheHttpClient.sendEvent(450) - responseCode = 200
2017-12-28 16:56:57 INFO  ApacheHttpClient.sendEvent(450) - responseCode = 200
2017-12-28 16:57:08 INFO  ApacheHttpClient.getWebResourceAsStream(420) - responseCode = 200
2017-12-28 16:57:08 INFO  ApacheHttpClient.getTask(405) - responseCode = 200
2017-12-28 16:57:08 INFO  ApacheHttpClient.getWebResourceAsStream(420) - responseCode = 200
2017-12-28 16:57:10 INFO  ApacheHttpClient.completed(27) - responseCode = 200
2017-12-28 16:57:10 INFO  ApacheHttpClient.getTask(405) - responseCode = 200
2017-12-28 16:57:57 INFO  ApacheHttpClient.sendEvent(450) - responseCode = 200
2017-12-28 16:58:34 INFO  ApacheHttpClient.getWebResourceAsStream(420) - responseCode = 200
2017-12-28 16:58:35 INFO  ApacheHttpClient.getFilteredTasks(307) - responseCode = 200
2017-12-28 16:58:36 INFO  ApacheHttpClient.getTaskTemplateInfo(324) - responseCode = 200
2017-12-28 16:58:36 INFO  ApacheHttpClient.testConnection(178) - responseCode = 200
2017-12-28 16:58:36 INFO  ApacheHttpClient.testConnection(185) - result = true
2017-12-28 16:58:36 INFO  ApacheHttpClient.testConnection(178) - responseCode = 200
2017-12-28 16:58:36 INFO  ApacheHttpClient.testConnection(185) - result = true
2017-12-28 16:58:36 INFO  ApacheHttpClient.getWebResourceAsStream(420) - responseCode = 200
2017-12-28 16:58:36 INFO  ApacheHttpClient.getTaskTemplateInfo(324) - responseCode = 200
2017-12-28 16:58:39 INFO  ApacheHttpClient.testConnection(178) - responseCode = 200
2017-12-28 16:58:39 INFO  ApacheHttpClient.testConnection(185) - result = true
2017-12-28 16:58:39 INFO  ApacheHttpClient.testConnection(178) - responseCode = 200
2017-12-28 16:58:39 INFO  ApacheHttpClient.testConnection(185) - result = true
2017-12-28 16:58:39 INFO  ApacheHttpClient.getWebResourceAsStream(420) - responseCode = 200
2017-12-28 16:58:57 INFO  ApacheHttpClient.sendEvent(450) - responseCode = 200
2017-12-28 16:59:57 INFO  ApacheHttpClient.sendEvent(450) - responseCode = 200
2017-12-28 17:00:57 INFO  ApacheHttpClient.sendEvent(450) - responseCode = 200
2017-12-28 17:00:57 INFO  ApacheHttpClient.sendEvent(450) - responseCode = 200
2017-12-28 17:01:57 INFO  ApacheHttpClient.sendEvent(450) - responseCode = 200
2017-12-28 17:01:57 INFO  ApacheHttpClient.sendEvent(450) - responseCode = 200
2017-12-28 17:02:57 INFO  ApacheHttpClient.sendEvent(450) - responseCode = 200
2017-12-28 17:02:57 INFO  ApacheHttpClient.sendEvent(450) - responseCode = 200
2017-12-28 17:03:57 INFO  ApacheHttpClient.sendEvent(450) - responseCode = 200
2017-12-28 17:03:57 INFO  ApacheHttpClient.sendEvent(450) - responseCode = 200
2017-12-28 17:04:57 INFO  ApacheHttpClient.sendEvent(450) - responseCode = 200
2017-12-28 17:04:57 INFO  ApacheHttpClient.sendEvent(450) - responseCode = 200
2017-12-28 17:05:57 INFO  ApacheHttpClient.sendEvent(450) - responseCode = 200
2017-12-28 17:05:57 INFO  ApacheHttpClient.sendEvent(450) - responseCode = 200
2017-12-28 17:06:57 INFO  ApacheHttpClient.sendEvent(450) - responseCode = 200
2017-12-28 17:06:57 INFO  ApacheHttpClient.sendEvent(450) - responseCode = 200
2017-12-28 17:07:57 INFO  ApacheHttpClient.sendEvent(450) - responseCode = 200
2017-12-28 17:07:57 INFO  ApacheHttpClient.sendEvent(450) - responseCode = 200
2017-12-28 17:08:57 INFO  ApacheHttpClient.sendEvent(450) - responseCode = 200
2017-12-28 17:08:57 INFO  ApacheHttpClient.sendEvent(450) - responseCode = 200
2017-12-28 17:09:57 INFO  ApacheHttpClient.sendEvent(450) - responseCode = 200
2017-12-28 17:09:57 INFO  ApacheHttpClient.sendEvent(450) - responseCode = 200
2017-12-28 17:10:57 INFO  ApacheHttpClient.sendEvent(450) - responseCode = 200
2017-12-28 17:10:57 INFO  ApacheHttpClient.sendEvent(450) - responseCode = 200
2017-12-28 17:11:53 INFO  ApacheHttpClient.getWebResourceAsStream(420) - responseCode = 200
2017-12-28 17:11:53 INFO  ApacheHttpClient.getTask(405) - responseCode = 200
2017-12-28 17:11:53 INFO  ApacheHttpClient.getWebResourceAsStream(420) - responseCode = 200
2017-12-28 17:11:56 INFO  ApacheHttpClient.completed(27) - responseCode = 200
2017-12-28 17:11:57 INFO  ApacheHttpClient.sendEvent(450) - responseCode = 200
2017-12-28 17:12:47 INFO  ApacheHttpClient.getWebResourceAsStream(420) - responseCode = 200
2017-12-28 17:12:47 INFO  ApacheHttpClient.getTask(405) - responseCode = 200
2017-12-28 17:12:47 INFO  ApacheHttpClient.getWebResourceAsStream(420) - responseCode = 200
2017-12-28 17:12:49 INFO  ApacheHttpClient.completed(27) - responseCode = 200
2017-12-28 17:12:49 INFO  ApacheHttpClient.getTask(405) - responseCode = 200
2017-12-28 17:12:57 INFO  ApacheHttpClient.sendEvent(450) - responseCode = 200
2017-12-28 17:13:29 INFO  JavaRushTasksProjectComponent.projectClosing(157) - ---------- Project JavaRushTasks closed ----------

2017-12-28 17:13:29 INFO  ApacheHttpClient.getTask(405) - responseCode = 200
2017-12-28 17:13:29 INFO  ApacheHttpClient.getTask(405) - responseCode = 200
2017-12-28 17:13:29 INFO  ApacheHttpClient.getTask(405) - responseCode = 200
2017-12-28 17:13:29 INFO  ApacheHttpClient.getTask(405) - responseCode = 200
2017-12-28 17:13:29 INFO  ApacheHttpClient.getTask(405) - responseCode = 200
2017-12-28 17:13:30 INFO  ApacheHttpClient.getTask(405) - responseCode = 200
